<?xml version="1.0" encoding="UTF-8"?>
<testng-results skipped="0" failed="0" total="1" passed="1">
  <reporter-output>
  </reporter-output>
  <suite name="com.cengage.mtx.automation.BasicSmoke.tests.Henley_Basic_Smoke_TestRunner" duration-ms="1232536" started-at="2014-01-22T12:36:34Z" finished-at="2014-01-22T12:57:07Z">
    <groups>
    </groups>
    <test name="Command line test e747ecd9-3601-4169-8ced-527a317f3e4e" duration-ms="1232536" started-at="2014-01-22T12:36:34Z" finished-at="2014-01-22T12:57:07Z">
      <class name="com.cengage.mtx.automation.BasicSmoke.tests.Henley_Basic_Smoke_TestRunner">
        <test-method status="PASS" signature="Test()[pri:0, instance:com.cengage.mtx.automation.BasicSmoke.tests.Henley_Basic_Smoke_TestRunner@15c7850]" name="Test" duration-ms="1232526" started-at="2014-01-22T18:06:34Z" finished-at="2014-01-22T18:27:07Z">
          <reporter-output>
          </reporter-output>
        </test-method> <!-- Test -->
      </class> <!-- com.cengage.mtx.automation.BasicSmoke.tests.Henley_Basic_Smoke_TestRunner -->
    </test> <!-- Command line test e747ecd9-3601-4169-8ced-527a317f3e4e -->
  </suite> <!-- com.cengage.mtx.automation.BasicSmoke.tests.Henley_Basic_Smoke_TestRunner -->
</testng-results>
