<?xml version="1.0" encoding="UTF-8"?>
<!-- Generated by org.testng.reporters.JUnitXMLReporter -->
<testsuite hostname="DLLB0015" name="Basic_History_SmokeTest" tests="30" failures="1" timestamp="16 Jan 2014 14:02:49 GMT" time="187.231" errors="0">
  <testcase name="loginToTheSSOFrontDoor" time="13.075" classname="com.cengage.automation.BasicSmoke.tests.Basic_History_SmokeTest"/>
  <testcase name="performOperationsOnHomePage" time="21.699" classname="com.cengage.automation.BasicSmoke.tests.Basic_History_SmokeTest"/>
  <testcase name="ActionsOnWeekWidgetView" time="11.345" classname="com.cengage.automation.BasicSmoke.tests.Basic_History_SmokeTest"/>
  <testcase name="verifyAllAppsButtonDisplays" time="0.404" classname="com.cengage.automation.BasicSmoke.tests.Basic_History_SmokeTest"/>
  <testcase name="clickOnAppsAndVerifyAllOpen" time="18.414" classname="com.cengage.automation.BasicSmoke.tests.Basic_History_SmokeTest"/>
  <testcase name="verifyNumberOfWeekEqualswithWeekavailableinWeekSlider" time="0.263" classname="com.cengage.automation.BasicSmoke.tests.Basic_History_SmokeTest"/>
  <testcase name="openInfographicActivity" time="0.505" classname="com.cengage.automation.BasicSmoke.tests.Basic_History_SmokeTest"/>
  <testcase name="verifyInfographicActivityPanelDisplay" time="5.979" classname="com.cengage.automation.BasicSmoke.tests.Basic_History_SmokeTest"/>
  <testcase name="startActivityButtonInfographicDisplayAndClick" time="80.435" classname="com.cengage.automation.BasicSmoke.tests.Basic_History_SmokeTest">
    <failure type="org.openqa.selenium.TimeoutException" message="Timed out after 80 seconds waiting for visibility of element located by By.xpath: //*[contains(text(),&amp;apos;Start Activity&amp;apos;)]
Build info: version: &amp;apos;2.36.0&amp;apos;, revision: &amp;apos;9b50f805d0a53506a5ee6a55be8669f106d8d34e&amp;apos;, time: &amp;apos;2013-10-17 11:09:21&amp;apos;
System info: host: &amp;apos;DLLB0015&amp;apos;, ip: &amp;apos;172.16.2.218&amp;apos;, os.name: &amp;apos;Windows 7&amp;apos;, os.arch: &amp;apos;x86&amp;apos;, os.version: &amp;apos;6.1&amp;apos;, java.version: &amp;apos;1.6.0_43&amp;apos;
Driver info: driver.version: unknown">
      <![CDATA[org.openqa.selenium.TimeoutException: Timed out after 80 seconds waiting for visibility of element located by By.xpath: //*[contains(text(),'Start Activity')]
Build info: version: '2.36.0', revision: '9b50f805d0a53506a5ee6a55be8669f106d8d34e', time: '2013-10-17 11:09:21'
System info: host: 'DLLB0015', ip: '172.16.2.218', os.name: 'Windows 7', os.arch: 'x86', os.version: '6.1', java.version: '1.6.0_43'
Driver info: driver.version: unknown
	at org.openqa.selenium.support.ui.FluentWait.timeoutException(FluentWait.java:259)
	at org.openqa.selenium.support.ui.FluentWait.until(FluentWait.java:228)
	at com.cengage.automation.utils.SeleniumWait.getWhenVisible(SeleniumWait.java:20)
	at com.cengage.automation.history.pageuiobjects.History_CourseContent_Ui.getbtn_startActivity(History_CourseContent_Ui.java:27)
	at com.cengage.automation.history.keywords.History_CourseContent_Action.verifyStartActivityButtonAndClick(History_CourseContent_Action.java:45)
	at com.cengage.automation.BasicSmoke.tests.Basic_History_SmokeTest.startActivityButtonInfographicDisplayAndClick(Basic_History_SmokeTest.java:71)
	at com.cengage.automation.BasicSmoke.tests.Henley_Basic_Smoke_TestRunner.Test(Henley_Basic_Smoke_TestRunner.java:17)
... Removed 49 stack frames]]>
    </failure>
  </testcase> <!-- startActivityButtonInfographicDisplayAndClick -->
  <testcase name="attemptInfographicActivityandSubmit" time="0.0" classname="com.cengage.automation.BasicSmoke.tests.Basic_History_SmokeTest">
    <skipped/>
  </testcase> <!-- attemptInfographicActivityandSubmit -->
  <testcase name="verifyCompleteStatusForInfographicActivity" time="0.0010" classname="com.cengage.automation.BasicSmoke.tests.Basic_History_SmokeTest">
    <skipped/>
  </testcase> <!-- verifyCompleteStatusForInfographicActivity -->
  <testcase name="openSourceActivityActivity" time="0.0" classname="com.cengage.automation.BasicSmoke.tests.Basic_History_SmokeTest">
    <skipped/>
  </testcase> <!-- openSourceActivityActivity -->
  <testcase name="verifySourceActivityPanelDisplay" time="0.0" classname="com.cengage.automation.BasicSmoke.tests.Basic_History_SmokeTest">
    <skipped/>
  </testcase> <!-- verifySourceActivityPanelDisplay -->
  <testcase name="startActivityButtonSourceActivityDisplayAndClick" time="0.0" classname="com.cengage.automation.BasicSmoke.tests.Basic_History_SmokeTest">
    <skipped/>
  </testcase> <!-- startActivityButtonSourceActivityDisplayAndClick -->
  <testcase name="attemptSourceActivityandSubmit" time="0.0" classname="com.cengage.automation.BasicSmoke.tests.Basic_History_SmokeTest">
    <skipped/>
  </testcase> <!-- attemptSourceActivityandSubmit -->
  <testcase name="verifyCompleteStatusForSourceActivity" time="0.0" classname="com.cengage.automation.BasicSmoke.tests.Basic_History_SmokeTest">
    <skipped/>
  </testcase> <!-- verifyCompleteStatusForSourceActivity -->
  <testcase name="openEssayActivity" time="0.0" classname="com.cengage.automation.BasicSmoke.tests.Basic_History_SmokeTest">
    <skipped/>
  </testcase> <!-- openEssayActivity -->
  <testcase name="verifyEssayActivityPanelDisplay" time="0.0010" classname="com.cengage.automation.BasicSmoke.tests.Basic_History_SmokeTest">
    <skipped/>
  </testcase> <!-- verifyEssayActivityPanelDisplay -->
  <testcase name="startActivityButtonEssayActivityDisplayAndClick" time="0.0" classname="com.cengage.automation.BasicSmoke.tests.Basic_History_SmokeTest">
    <skipped/>
  </testcase> <!-- startActivityButtonEssayActivityDisplayAndClick -->
  <testcase name="attemptEssayActivityandSubmit" time="0.0" classname="com.cengage.automation.BasicSmoke.tests.Basic_History_SmokeTest">
    <skipped/>
  </testcase> <!-- attemptEssayActivityandSubmit -->
  <testcase name="verifyCompleteStatusForEssayActivity" time="0.0" classname="com.cengage.automation.BasicSmoke.tests.Basic_History_SmokeTest">
    <skipped/>
  </testcase> <!-- verifyCompleteStatusForEssayActivity -->
  <testcase name="openSingleAndMultipleSourceActivity" time="0.0" classname="com.cengage.automation.BasicSmoke.tests.Basic_History_SmokeTest">
    <skipped/>
  </testcase> <!-- openSingleAndMultipleSourceActivity -->
  <testcase name="verifySingleAndMultipleSourceActivityPanelDisplay" time="0.0" classname="com.cengage.automation.BasicSmoke.tests.Basic_History_SmokeTest">
    <skipped/>
  </testcase> <!-- verifySingleAndMultipleSourceActivityPanelDisplay -->
  <testcase name="startActivityButtonSingleAndMultipleSourceActivityDisplayAndClick" time="0.0" classname="com.cengage.automation.BasicSmoke.tests.Basic_History_SmokeTest">
    <skipped/>
  </testcase> <!-- startActivityButtonSingleAndMultipleSourceActivityDisplayAndClick -->
  <testcase name="attemptSingleAndMultipleSourceActivityandSubmit" time="0.0" classname="com.cengage.automation.BasicSmoke.tests.Basic_History_SmokeTest">
    <skipped/>
  </testcase> <!-- attemptSingleAndMultipleSourceActivityandSubmit -->
  <testcase name="verifyCompleteStatusForSingleAndMultipleSourceActivity" time="0.0" classname="com.cengage.automation.BasicSmoke.tests.Basic_History_SmokeTest">
    <skipped/>
  </testcase> <!-- verifyCompleteStatusForSingleAndMultipleSourceActivity -->
  <testcase name="openStudyActivity" time="0.0" classname="com.cengage.automation.BasicSmoke.tests.Basic_History_SmokeTest">
    <skipped/>
  </testcase> <!-- openStudyActivity -->
  <testcase name="verifyStudyActivityPanelDisplay" time="0.0" classname="com.cengage.automation.BasicSmoke.tests.Basic_History_SmokeTest">
    <skipped/>
  </testcase> <!-- verifyStudyActivityPanelDisplay -->
  <testcase name="startStudyActivityAndClose" time="0.0" classname="com.cengage.automation.BasicSmoke.tests.Basic_History_SmokeTest">
    <skipped/>
  </testcase> <!-- startStudyActivityAndClose -->
  <testcase name="logOutFromApplication" time="0.0" classname="com.cengage.automation.BasicSmoke.tests.Basic_History_SmokeTest">
    <skipped/>
  </testcase> <!-- logOutFromApplication -->
</testsuite> <!-- Basic_History_SmokeTest -->
