<?xml version="1.0" encoding="UTF-8"?>
<testng-results skipped="0" failed="0" total="12" passed="12">
  <reporter-output>
  </reporter-output>
  <suite name="Default suite" duration-ms="109974" started-at="2013-12-20T13:22:23Z" finished-at="2013-12-20T13:24:13Z">
    <groups>
    </groups>
    <test name="Default test" duration-ms="109974" started-at="2013-12-20T13:22:23Z" finished-at="2013-12-20T13:24:13Z">
      <class name="com.qait.launchpad.automation.tests.LoginTest">
        <test-method status="PASS" signature="setUpClass()[pri:0, instance:com.qait.launchpad.automation.tests.LoginTest@1de0b5e]" name="setUpClass" is-config="true" duration-ms="11019" started-at="2013-12-20T18:52:23Z" finished-at="2013-12-20T18:52:35Z">
          <reporter-output>
          </reporter-output>
        </test-method> <!-- setUpClass -->
        <test-method status="PASS" signature="loginToTheSSOFrontDoor()[pri:0, instance:com.qait.launchpad.automation.tests.LoginTest@1de0b5e]" name="loginToTheSSOFrontDoor" duration-ms="9665" started-at="2013-12-20T18:52:35Z" finished-at="2013-12-20T18:52:44Z">
          <reporter-output>
          </reporter-output>
        </test-method> <!-- loginToTheSSOFrontDoor -->
        <test-method status="PASS" signature="verifyLandingPage()[pri:0, instance:com.qait.launchpad.automation.tests.LoginTest@1de0b5e]" name="verifyLandingPage" duration-ms="31819" started-at="2013-12-20T18:52:44Z" depends-on-methods="com.qait.launchpad.automation.tests.LoginTest.loginToTheSSOFrontDoor" finished-at="2013-12-20T18:53:16Z">
          <reporter-output>
          </reporter-output>
        </test-method> <!-- verifyLandingPage -->
        <test-method status="PASS" signature="clickOnOpenBookButtonAsBookName()[pri:0, instance:com.qait.launchpad.automation.tests.LoginTest@1de0b5e]" name="clickOnOpenBookButtonAsBookName" duration-ms="653" started-at="2013-12-20T18:53:16Z" depends-on-methods="com.qait.launchpad.automation.tests.LoginTest.verifyLandingPage" finished-at="2013-12-20T18:53:17Z">
          <reporter-output>
          </reporter-output>
        </test-method> <!-- clickOnOpenBookButtonAsBookName -->
        <test-method status="PASS" signature="verifyStudentBoardDisplay()[pri:0, instance:com.qait.launchpad.automation.tests.LoginTest@1de0b5e]" name="verifyStudentBoardDisplay" duration-ms="29770" started-at="2013-12-20T18:53:17Z" depends-on-methods="com.qait.launchpad.automation.tests.LoginTest.clickOnOpenBookButtonAsBookName" finished-at="2013-12-20T18:53:46Z">
          <reporter-output>
          </reporter-output>
        </test-method> <!-- verifyStudentBoardDisplay -->
        <test-method status="PASS" signature="navigateToWeek()[pri:0, instance:com.qait.launchpad.automation.tests.LoginTest@1de0b5e]" name="navigateToWeek" duration-ms="5553" started-at="2013-12-20T18:53:46Z" depends-on-methods="com.qait.launchpad.automation.tests.LoginTest.verifyStudentBoardDisplay" finished-at="2013-12-20T18:53:52Z">
          <reporter-output>
          </reporter-output>
        </test-method> <!-- navigateToWeek -->
        <test-method status="PASS" signature="verifyApplicationNavigatedToWeek()[pri:0, instance:com.qait.launchpad.automation.tests.LoginTest@1de0b5e]" name="verifyApplicationNavigatedToWeek" duration-ms="2115" started-at="2013-12-20T18:53:52Z" depends-on-methods="com.qait.launchpad.automation.tests.LoginTest.navigateToWeek" finished-at="2013-12-20T18:53:54Z">
          <reporter-output>
          </reporter-output>
        </test-method> <!-- verifyApplicationNavigatedToWeek -->
        <test-method status="PASS" signature="openActivity()[pri:0, instance:com.qait.launchpad.automation.tests.LoginTest@1de0b5e]" name="openActivity" duration-ms="130" started-at="2013-12-20T18:53:54Z" depends-on-methods="com.qait.launchpad.automation.tests.LoginTest.verifyApplicationNavigatedToWeek" finished-at="2013-12-20T18:53:54Z">
          <reporter-output>
          </reporter-output>
        </test-method> <!-- openActivity -->
        <test-method status="PASS" signature="clickOnActivityLink()[pri:0, instance:com.qait.launchpad.automation.tests.LoginTest@1de0b5e]" name="clickOnActivityLink" duration-ms="378" started-at="2013-12-20T18:53:54Z" depends-on-methods="com.qait.launchpad.automation.tests.LoginTest.openActivity" finished-at="2013-12-20T18:53:55Z">
          <reporter-output>
          </reporter-output>
        </test-method> <!-- clickOnActivityLink -->
        <test-method status="PASS" signature="verifyActivityPaneDisplay()[pri:0, instance:com.qait.launchpad.automation.tests.LoginTest@1de0b5e]" name="verifyActivityPaneDisplay" duration-ms="5657" started-at="2013-12-20T18:53:55Z" depends-on-methods="com.qait.launchpad.automation.tests.LoginTest.clickOnActivityLink" finished-at="2013-12-20T18:54:00Z">
          <reporter-output>
          </reporter-output>
        </test-method> <!-- verifyActivityPaneDisplay -->
        <test-method status="PASS" signature="clickStartActivityButtonDisplay()[pri:0, instance:com.qait.launchpad.automation.tests.LoginTest@1de0b5e]" name="clickStartActivityButtonDisplay" duration-ms="5650" started-at="2013-12-20T18:54:00Z" depends-on-methods="com.qait.launchpad.automation.tests.LoginTest.verifyActivityPaneDisplay" finished-at="2013-12-20T18:54:06Z">
          <reporter-output>
          </reporter-output>
        </test-method> <!-- clickStartActivityButtonDisplay -->
        <test-method status="PASS" signature="completedActivityAndSubmitActivity()[pri:0, instance:com.qait.launchpad.automation.tests.LoginTest@1de0b5e]" name="completedActivityAndSubmitActivity" duration-ms="3355" started-at="2013-12-20T18:54:06Z" depends-on-methods="com.qait.launchpad.automation.tests.LoginTest.clickStartActivityButtonDisplay" finished-at="2013-12-20T18:54:09Z">
          <reporter-output>
          </reporter-output>
        </test-method> <!-- completedActivityAndSubmitActivity -->
        <test-method status="PASS" signature="verifyActivityStatusDisplayAsCompleted()[pri:0, instance:com.qait.launchpad.automation.tests.LoginTest@1de0b5e]" name="verifyActivityStatusDisplayAsCompleted" duration-ms="3722" started-at="2013-12-20T18:54:09Z" depends-on-methods="com.qait.launchpad.automation.tests.LoginTest.completedActivityAndSubmitActivity" finished-at="2013-12-20T18:54:13Z">
          <reporter-output>
          </reporter-output>
        </test-method> <!-- verifyActivityStatusDisplayAsCompleted -->
        <test-method status="PASS" signature="tearDownClass()[pri:0, instance:com.qait.launchpad.automation.tests.LoginTest@1de0b5e]" name="tearDownClass" is-config="true" duration-ms="472" started-at="2013-12-20T18:54:13Z" finished-at="2013-12-20T18:54:13Z">
          <reporter-output>
          </reporter-output>
        </test-method> <!-- tearDownClass -->
      </class> <!-- com.qait.launchpad.automation.tests.LoginTest -->
    </test> <!-- Default test -->
  </suite> <!-- Default suite -->
</testng-results>
