<?xml version="1.0" encoding="UTF-8"?>
<testng-results skipped="54" failed="0" total="54" passed="0">
  <reporter-output>
  </reporter-output>
  <suite name="com.cengage.automation.TestSessionInitiator" duration-ms="1" started-at="2014-01-14T14:54:57Z" finished-at="2014-01-14T14:54:57Z">
    <groups>
    </groups>
    <test name="Command line test 2e327782-862c-4c35-81d3-d2e068602836" duration-ms="1" started-at="2014-01-14T14:54:57Z" finished-at="2014-01-14T14:54:57Z">
    </test> <!-- Command line test 2e327782-862c-4c35-81d3-d2e068602836 -->
  </suite> <!-- com.cengage.automation.TestSessionInitiator -->
  <suite name="com.cengage.automation.MasterCourseSmoke.tests.Master_Couser_SmokeTest" duration-ms="3" started-at="2014-01-14T14:54:57Z" finished-at="2014-01-14T14:54:57Z">
    <groups>
    </groups>
    <test name="Command line test 8945de55-ec41-41b5-8b69-c2d04cf94dfe" duration-ms="3" started-at="2014-01-14T14:54:57Z" finished-at="2014-01-14T14:54:57Z">
      <class name="com.cengage.automation.MasterCourseSmoke.tests.Master_Couser_SmokeTest">
        <test-method status="FAIL" signature="setUpClass()[pri:0, instance:com.cengage.automation.MasterCourseSmoke.tests.Master_Couser_SmokeTest@73e966fb]" name="setUpClass" is-config="true" duration-ms="0" started-at="2014-01-14T09:54:57Z" finished-at="2014-01-14T09:54:57Z">
          <exception class="java.lang.NumberFormatException">
            <message>
              <![CDATA[null]]>
            </message>
            <full-stacktrace>
              <![CDATA[java.lang.NumberFormatException: null
	at java.lang.Integer.parseInt(Integer.java:454)
	at java.lang.Integer.parseInt(Integer.java:527)
	at com.cengage.automation.TestSessionInitiator._getSessionConfig(TestSessionInitiator.java:72)
	at com.cengage.automation.TestSessionInitiator.<init>(TestSessionInitiator.java:51)
	at com.cengage.automation.MasterCourseSmoke.tests.Master_Couser_SmokeTest.setUpClass(Master_Couser_SmokeTest.java:25)
	at sun.reflect.NativeMethodAccessorImpl.invoke0(Native Method)
	at sun.reflect.NativeMethodAccessorImpl.invoke(NativeMethodAccessorImpl.java:57)
	at sun.reflect.DelegatingMethodAccessorImpl.invoke(DelegatingMethodAccessorImpl.java:43)
	at java.lang.reflect.Method.invoke(Method.java:606)
	at org.testng.internal.MethodInvocationHelper.invokeMethod(MethodInvocationHelper.java:84)
	at org.testng.internal.Invoker.invokeConfigurationMethod(Invoker.java:564)
	at org.testng.internal.Invoker.invokeConfigurations(Invoker.java:213)
	at org.testng.internal.Invoker.invokeConfigurations(Invoker.java:138)
	at org.testng.internal.TestMethodWorker.invokeBeforeClassMethods(TestMethodWorker.java:175)
	at org.testng.internal.TestMethodWorker.run(TestMethodWorker.java:107)
	at org.testng.TestRunner.privateRun(TestRunner.java:767)
	at org.testng.TestRunner.run(TestRunner.java:617)
	at org.testng.SuiteRunner.runTest(SuiteRunner.java:334)
	at org.testng.SuiteRunner.runSequentially(SuiteRunner.java:329)
	at org.testng.SuiteRunner.privateRun(SuiteRunner.java:291)
	at org.testng.SuiteRunner.run(SuiteRunner.java:240)
	at org.testng.SuiteRunnerWorker.runSuite(SuiteRunnerWorker.java:52)
	at org.testng.SuiteRunnerWorker.run(SuiteRunnerWorker.java:86)
	at org.testng.TestNG.runSuitesSequentially(TestNG.java:1224)
	at org.testng.TestNG.runSuitesLocally(TestNG.java:1149)
	at org.testng.TestNG.run(TestNG.java:1057)
	at org.apache.maven.surefire.testng.TestNGExecutor.run(TestNGExecutor.java:91)
	at org.apache.maven.surefire.testng.TestNGDirectoryTestSuite.executeMulti(TestNGDirectoryTestSuite.java:204)
	at org.apache.maven.surefire.testng.TestNGDirectoryTestSuite.execute(TestNGDirectoryTestSuite.java:107)
	at org.apache.maven.surefire.testng.TestNGProvider.invoke(TestNGProvider.java:113)
	at org.apache.maven.surefire.booter.ForkedBooter.invokeProviderInSameClassLoader(ForkedBooter.java:200)
	at org.apache.maven.surefire.booter.ForkedBooter.runSuitesInProcess(ForkedBooter.java:153)
	at org.apache.maven.surefire.booter.ForkedBooter.main(ForkedBooter.java:103)
]]>
            </full-stacktrace>
          </exception> <!-- java.lang.NumberFormatException -->
          <reporter-output>
          </reporter-output>
        </test-method> <!-- setUpClass -->
        <test-method status="SKIP" signature="loginToTheAdmin()[pri:0, instance:com.cengage.automation.MasterCourseSmoke.tests.Master_Couser_SmokeTest@73e966fb]" name="loginToTheAdmin" duration-ms="0" started-at="2014-01-14T09:54:57Z" finished-at="2014-01-14T09:54:57Z">
          <reporter-output>
          </reporter-output>
        </test-method> <!-- loginToTheAdmin -->
        <test-method status="SKIP" signature="performSearch()[pri:0, instance:com.cengage.automation.MasterCourseSmoke.tests.Master_Couser_SmokeTest@73e966fb]" name="performSearch" duration-ms="0" started-at="2014-01-14T09:54:57Z" depends-on-methods="com.cengage.automation.MasterCourseSmoke.tests.Master_Couser_SmokeTest.loginToTheAdmin" finished-at="2014-01-14T09:54:57Z">
          <reporter-output>
          </reporter-output>
        </test-method> <!-- performSearch -->
        <test-method status="SKIP" signature="tearDownClass()[pri:0, instance:com.cengage.automation.MasterCourseSmoke.tests.Master_Couser_SmokeTest@73e966fb]" name="tearDownClass" is-config="true" duration-ms="0" started-at="2014-01-14T09:54:57Z" finished-at="2014-01-14T09:54:57Z">
          <reporter-output>
          </reporter-output>
        </test-method> <!-- tearDownClass -->
        <test-method status="SKIP" signature="navigateToISBNbook()[pri:0, instance:com.cengage.automation.MasterCourseSmoke.tests.Master_Couser_SmokeTest@73e966fb]" name="navigateToISBNbook" duration-ms="0" started-at="2014-01-14T09:54:57Z" depends-on-methods="com.cengage.automation.MasterCourseSmoke.tests.Master_Couser_SmokeTest.performSearch" finished-at="2014-01-14T09:54:57Z">
          <reporter-output>
          </reporter-output>
        </test-method> <!-- navigateToISBNbook -->
      </class> <!-- com.cengage.automation.MasterCourseSmoke.tests.Master_Couser_SmokeTest -->
    </test> <!-- Command line test 8945de55-ec41-41b5-8b69-c2d04cf94dfe -->
  </suite> <!-- com.cengage.automation.MasterCourseSmoke.tests.Master_Couser_SmokeTest -->
  <suite name="com.cengage.automation.BasicSmoke.tests.Basic_Chemistry_SmokeTest" duration-ms="93" started-at="2014-01-14T14:54:57Z" finished-at="2014-01-14T14:54:57Z">
    <groups>
    </groups>
    <test name="Command line test 0eda543e-84ab-4fbc-8ce3-829093e79334" duration-ms="93" started-at="2014-01-14T14:54:57Z" finished-at="2014-01-14T14:54:57Z">
      <class name="com.cengage.automation.BasicSmoke.tests.Basic_Chemistry_SmokeTest">
        <test-method status="FAIL" signature="setUpClass()[pri:0, instance:com.cengage.automation.BasicSmoke.tests.Basic_Chemistry_SmokeTest@6d9d3901]" name="setUpClass" is-config="true" duration-ms="0" started-at="2014-01-14T09:54:57Z" finished-at="2014-01-14T09:54:57Z">
          <exception class="java.lang.NumberFormatException">
            <message>
              <![CDATA[null]]>
            </message>
            <full-stacktrace>
              <![CDATA[java.lang.NumberFormatException: null
	at java.lang.Integer.parseInt(Integer.java:454)
	at java.lang.Integer.parseInt(Integer.java:527)
	at com.cengage.automation.TestSessionInitiator._getSessionConfig(TestSessionInitiator.java:72)
	at com.cengage.automation.TestSessionInitiator.<init>(TestSessionInitiator.java:51)
	at com.cengage.automation.BasicSmoke.tests.Basic_Chemistry_SmokeTest.setUpClass(Basic_Chemistry_SmokeTest.java:25)
	at sun.reflect.NativeMethodAccessorImpl.invoke0(Native Method)
	at sun.reflect.NativeMethodAccessorImpl.invoke(NativeMethodAccessorImpl.java:57)
	at sun.reflect.DelegatingMethodAccessorImpl.invoke(DelegatingMethodAccessorImpl.java:43)
	at java.lang.reflect.Method.invoke(Method.java:606)
	at org.testng.internal.MethodInvocationHelper.invokeMethod(MethodInvocationHelper.java:84)
	at org.testng.internal.Invoker.invokeConfigurationMethod(Invoker.java:564)
	at org.testng.internal.Invoker.invokeConfigurations(Invoker.java:213)
	at org.testng.internal.Invoker.invokeConfigurations(Invoker.java:138)
	at org.testng.internal.TestMethodWorker.invokeBeforeClassMethods(TestMethodWorker.java:175)
	at org.testng.internal.TestMethodWorker.run(TestMethodWorker.java:107)
	at org.testng.TestRunner.privateRun(TestRunner.java:767)
	at org.testng.TestRunner.run(TestRunner.java:617)
	at org.testng.SuiteRunner.runTest(SuiteRunner.java:334)
	at org.testng.SuiteRunner.runSequentially(SuiteRunner.java:329)
	at org.testng.SuiteRunner.privateRun(SuiteRunner.java:291)
	at org.testng.SuiteRunner.run(SuiteRunner.java:240)
	at org.testng.SuiteRunnerWorker.runSuite(SuiteRunnerWorker.java:52)
	at org.testng.SuiteRunnerWorker.run(SuiteRunnerWorker.java:86)
	at org.testng.TestNG.runSuitesSequentially(TestNG.java:1224)
	at org.testng.TestNG.runSuitesLocally(TestNG.java:1149)
	at org.testng.TestNG.run(TestNG.java:1057)
	at org.apache.maven.surefire.testng.TestNGExecutor.run(TestNGExecutor.java:91)
	at org.apache.maven.surefire.testng.TestNGDirectoryTestSuite.executeMulti(TestNGDirectoryTestSuite.java:204)
	at org.apache.maven.surefire.testng.TestNGDirectoryTestSuite.execute(TestNGDirectoryTestSuite.java:107)
	at org.apache.maven.surefire.testng.TestNGProvider.invoke(TestNGProvider.java:113)
	at org.apache.maven.surefire.booter.ForkedBooter.invokeProviderInSameClassLoader(ForkedBooter.java:200)
	at org.apache.maven.surefire.booter.ForkedBooter.runSuitesInProcess(ForkedBooter.java:153)
	at org.apache.maven.surefire.booter.ForkedBooter.main(ForkedBooter.java:103)
]]>
            </full-stacktrace>
          </exception> <!-- java.lang.NumberFormatException -->
          <reporter-output>
          </reporter-output>
        </test-method> <!-- setUpClass -->
        <test-method status="SKIP" signature="loginToTheSSOFrontDoor()[pri:0, instance:com.cengage.automation.BasicSmoke.tests.Basic_Chemistry_SmokeTest@6d9d3901]" name="loginToTheSSOFrontDoor" duration-ms="1" started-at="2014-01-14T09:54:57Z" finished-at="2014-01-14T09:54:57Z">
          <reporter-output>
          </reporter-output>
        </test-method> <!-- loginToTheSSOFrontDoor -->
        <test-method status="SKIP" signature="performOperationsOnHomePage()[pri:0, instance:com.cengage.automation.BasicSmoke.tests.Basic_Chemistry_SmokeTest@6d9d3901]" name="performOperationsOnHomePage" duration-ms="1" started-at="2014-01-14T09:54:57Z" depends-on-methods="com.cengage.automation.BasicSmoke.tests.Basic_Chemistry_SmokeTest.loginToTheSSOFrontDoor" finished-at="2014-01-14T09:54:57Z">
          <reporter-output>
          </reporter-output>
        </test-method> <!-- performOperationsOnHomePage -->
        <test-method status="SKIP" signature="ActionsOnWeekWidgetView()[pri:0, instance:com.cengage.automation.BasicSmoke.tests.Basic_Chemistry_SmokeTest@6d9d3901]" name="ActionsOnWeekWidgetView" duration-ms="0" started-at="2014-01-14T09:54:57Z" depends-on-methods="com.cengage.automation.BasicSmoke.tests.Basic_Chemistry_SmokeTest.performOperationsOnHomePage" finished-at="2014-01-14T09:54:57Z">
          <reporter-output>
          </reporter-output>
        </test-method> <!-- ActionsOnWeekWidgetView -->
        <test-method status="SKIP" signature="verifyAllAppsButtonDisplays()[pri:0, instance:com.cengage.automation.BasicSmoke.tests.Basic_Chemistry_SmokeTest@6d9d3901]" name="verifyAllAppsButtonDisplays" duration-ms="1" started-at="2014-01-14T09:54:57Z" depends-on-methods="com.cengage.automation.BasicSmoke.tests.Basic_Chemistry_SmokeTest.ActionsOnWeekWidgetView" finished-at="2014-01-14T09:54:57Z">
          <reporter-output>
          </reporter-output>
        </test-method> <!-- verifyAllAppsButtonDisplays -->
        <test-method status="SKIP" signature="clickOnAppsAndVerifyAllOpen()[pri:0, instance:com.cengage.automation.BasicSmoke.tests.Basic_Chemistry_SmokeTest@6d9d3901]" name="clickOnAppsAndVerifyAllOpen" duration-ms="0" started-at="2014-01-14T09:54:57Z" depends-on-methods="com.cengage.automation.BasicSmoke.tests.Basic_Chemistry_SmokeTest.verifyAllAppsButtonDisplays" finished-at="2014-01-14T09:54:57Z">
          <reporter-output>
          </reporter-output>
        </test-method> <!-- clickOnAppsAndVerifyAllOpen -->
        <test-method status="SKIP" signature="verifyNumberOfWeekEqualswithWeekavailableinWeekSlider()[pri:0, instance:com.cengage.automation.BasicSmoke.tests.Basic_Chemistry_SmokeTest@6d9d3901]" name="verifyNumberOfWeekEqualswithWeekavailableinWeekSlider" duration-ms="0" started-at="2014-01-14T09:54:57Z" depends-on-methods="com.cengage.automation.BasicSmoke.tests.Basic_Chemistry_SmokeTest.clickOnAppsAndVerifyAllOpen" finished-at="2014-01-14T09:54:57Z">
          <reporter-output>
          </reporter-output>
        </test-method> <!-- verifyNumberOfWeekEqualswithWeekavailableinWeekSlider -->
        <test-method status="SKIP" signature="AttemptingTutoredActivity()[pri:0, instance:com.cengage.automation.BasicSmoke.tests.Basic_Chemistry_SmokeTest@6d9d3901]" name="AttemptingTutoredActivity" duration-ms="1" started-at="2014-01-14T09:54:57Z" depends-on-methods="com.cengage.automation.BasicSmoke.tests.Basic_Chemistry_SmokeTest.verifyNumberOfWeekEqualswithWeekavailableinWeekSlider" finished-at="2014-01-14T09:54:57Z">
          <reporter-output>
          </reporter-output>
        </test-method> <!-- AttemptingTutoredActivity -->
        <test-method status="SKIP" signature="verifyStatusdisplayAsCompletedForTutoredActivity()[pri:0, instance:com.cengage.automation.BasicSmoke.tests.Basic_Chemistry_SmokeTest@6d9d3901]" name="verifyStatusdisplayAsCompletedForTutoredActivity" duration-ms="1" started-at="2014-01-14T09:54:57Z" depends-on-methods="com.cengage.automation.BasicSmoke.tests.Basic_Chemistry_SmokeTest.startAndSubmitTutoredActivity" finished-at="2014-01-14T09:54:57Z">
          <reporter-output>
          </reporter-output>
        </test-method> <!-- verifyStatusdisplayAsCompletedForTutoredActivity -->
        <test-method status="SKIP" signature="startAndSubmitTutoredActivity()[pri:0, instance:com.cengage.automation.BasicSmoke.tests.Basic_Chemistry_SmokeTest@6d9d3901]" name="startAndSubmitTutoredActivity" duration-ms="0" started-at="2014-01-14T09:54:57Z" depends-on-methods="com.cengage.automation.BasicSmoke.tests.Basic_Chemistry_SmokeTest.AttemptingTutoredActivity" finished-at="2014-01-14T09:54:57Z">
          <reporter-output>
          </reporter-output>
        </test-method> <!-- startAndSubmitTutoredActivity -->
        <test-method status="SKIP" signature="OpenIntroductionandQuickPrepActivity()[pri:0, instance:com.cengage.automation.BasicSmoke.tests.Basic_Chemistry_SmokeTest@6d9d3901]" name="OpenIntroductionandQuickPrepActivity" duration-ms="0" started-at="2014-01-14T09:54:57Z" depends-on-methods="com.cengage.automation.BasicSmoke.tests.Basic_Chemistry_SmokeTest.verifyStatusdisplayAsCompletedForTutoredActivity" finished-at="2014-01-14T09:54:57Z">
          <reporter-output>
          </reporter-output>
        </test-method> <!-- OpenIntroductionandQuickPrepActivity -->
        <test-method status="SKIP" signature="verifyIntroductionandQuickPrepActivityStatusAsCompleted()[pri:0, instance:com.cengage.automation.BasicSmoke.tests.Basic_Chemistry_SmokeTest@6d9d3901]" name="verifyIntroductionandQuickPrepActivityStatusAsCompleted" duration-ms="0" started-at="2014-01-14T09:54:57Z" depends-on-methods="com.cengage.automation.BasicSmoke.tests.Basic_Chemistry_SmokeTest.verifyStartActiviyandSubmit" finished-at="2014-01-14T09:54:57Z">
          <reporter-output>
          </reporter-output>
        </test-method> <!-- verifyIntroductionandQuickPrepActivityStatusAsCompleted -->
        <test-method status="SKIP" signature="verifyStartActiviyandSubmit()[pri:0, instance:com.cengage.automation.BasicSmoke.tests.Basic_Chemistry_SmokeTest@6d9d3901]" name="verifyStartActiviyandSubmit" duration-ms="0" started-at="2014-01-14T09:54:57Z" depends-on-methods="com.cengage.automation.BasicSmoke.tests.Basic_Chemistry_SmokeTest.OpenIntroductionandQuickPrepActivity" finished-at="2014-01-14T09:54:57Z">
          <reporter-output>
          </reporter-output>
        </test-method> <!-- verifyStartActiviyandSubmit -->
        <test-method status="SKIP" signature="AttemptingMasteryActivity()[pri:0, instance:com.cengage.automation.BasicSmoke.tests.Basic_Chemistry_SmokeTest@6d9d3901]" name="AttemptingMasteryActivity" duration-ms="0" started-at="2014-01-14T09:54:57Z" depends-on-methods="com.cengage.automation.BasicSmoke.tests.Basic_Chemistry_SmokeTest.verifyIntroductionandQuickPrepActivityStatusAsCompleted" finished-at="2014-01-14T09:54:57Z">
          <reporter-output>
          </reporter-output>
        </test-method> <!-- AttemptingMasteryActivity -->
        <test-method status="SKIP" signature="startAndSubmitMasteryActivity()[pri:0, instance:com.cengage.automation.BasicSmoke.tests.Basic_Chemistry_SmokeTest@6d9d3901]" name="startAndSubmitMasteryActivity" duration-ms="0" started-at="2014-01-14T09:54:57Z" depends-on-methods="com.cengage.automation.BasicSmoke.tests.Basic_Chemistry_SmokeTest.AttemptingMasteryActivity" finished-at="2014-01-14T09:54:57Z">
          <reporter-output>
          </reporter-output>
        </test-method> <!-- startAndSubmitMasteryActivity -->
        <test-method status="SKIP" signature="AttemptingReviewandChallengeActivity()[pri:0, instance:com.cengage.automation.BasicSmoke.tests.Basic_Chemistry_SmokeTest@6d9d3901]" name="AttemptingReviewandChallengeActivity" duration-ms="1" started-at="2014-01-14T09:54:57Z" depends-on-methods="com.cengage.automation.BasicSmoke.tests.Basic_Chemistry_SmokeTest.verifyStatusdisplayAsCompletedForMasteryActivity" finished-at="2014-01-14T09:54:57Z">
          <reporter-output>
          </reporter-output>
        </test-method> <!-- AttemptingReviewandChallengeActivity -->
        <test-method status="SKIP" signature="verifyStatusdisplayAsCompletedForMasteryActivity()[pri:0, instance:com.cengage.automation.BasicSmoke.tests.Basic_Chemistry_SmokeTest@6d9d3901]" name="verifyStatusdisplayAsCompletedForMasteryActivity" duration-ms="0" started-at="2014-01-14T09:54:57Z" depends-on-methods="com.cengage.automation.BasicSmoke.tests.Basic_Chemistry_SmokeTest.startAndSubmitMasteryActivity" finished-at="2014-01-14T09:54:57Z">
          <reporter-output>
          </reporter-output>
        </test-method> <!-- verifyStatusdisplayAsCompletedForMasteryActivity -->
        <test-method status="SKIP" signature="verifyStatusdisplayAsCompletedForReviewandChallengeActivity()[pri:0, instance:com.cengage.automation.BasicSmoke.tests.Basic_Chemistry_SmokeTest@6d9d3901]" name="verifyStatusdisplayAsCompletedForReviewandChallengeActivity" duration-ms="1" started-at="2014-01-14T09:54:57Z" depends-on-methods="com.cengage.automation.BasicSmoke.tests.Basic_Chemistry_SmokeTest.startAndSubmitReviewandChallengeActivity" finished-at="2014-01-14T09:54:57Z">
          <reporter-output>
          </reporter-output>
        </test-method> <!-- verifyStatusdisplayAsCompletedForReviewandChallengeActivity -->
        <test-method status="SKIP" signature="startAndSubmitReviewandChallengeActivity()[pri:0, instance:com.cengage.automation.BasicSmoke.tests.Basic_Chemistry_SmokeTest@6d9d3901]" name="startAndSubmitReviewandChallengeActivity" duration-ms="0" started-at="2014-01-14T09:54:57Z" depends-on-methods="com.cengage.automation.BasicSmoke.tests.Basic_Chemistry_SmokeTest.AttemptingReviewandChallengeActivity" finished-at="2014-01-14T09:54:57Z">
          <reporter-output>
          </reporter-output>
        </test-method> <!-- startAndSubmitReviewandChallengeActivity -->
        <test-method status="SKIP" signature="AttemptingStudyGuide()[pri:0, instance:com.cengage.automation.BasicSmoke.tests.Basic_Chemistry_SmokeTest@6d9d3901]" name="AttemptingStudyGuide" duration-ms="0" started-at="2014-01-14T09:54:57Z" depends-on-methods="com.cengage.automation.BasicSmoke.tests.Basic_Chemistry_SmokeTest.verifyStatusdisplayAsCompletedForReviewandChallengeActivity" finished-at="2014-01-14T09:54:57Z">
          <reporter-output>
          </reporter-output>
        </test-method> <!-- AttemptingStudyGuide -->
        <test-method status="SKIP" signature="startAndSubmitStudyGuide()[pri:0, instance:com.cengage.automation.BasicSmoke.tests.Basic_Chemistry_SmokeTest@6d9d3901]" name="startAndSubmitStudyGuide" duration-ms="1" started-at="2014-01-14T09:54:57Z" depends-on-methods="com.cengage.automation.BasicSmoke.tests.Basic_Chemistry_SmokeTest.AttemptingStudyGuide" finished-at="2014-01-14T09:54:57Z">
          <reporter-output>
          </reporter-output>
        </test-method> <!-- startAndSubmitStudyGuide -->
        <test-method status="SKIP" signature="tearDownClass()[pri:0, instance:com.cengage.automation.BasicSmoke.tests.Basic_Chemistry_SmokeTest@6d9d3901]" name="tearDownClass" is-config="true" duration-ms="0" started-at="2014-01-14T09:54:57Z" finished-at="2014-01-14T09:54:57Z">
          <reporter-output>
          </reporter-output>
        </test-method> <!-- tearDownClass -->
        <test-method status="SKIP" signature="logOutFromApplication()[pri:0, instance:com.cengage.automation.BasicSmoke.tests.Basic_Chemistry_SmokeTest@6d9d3901]" name="logOutFromApplication" duration-ms="0" started-at="2014-01-14T09:54:57Z" depends-on-methods="com.cengage.automation.BasicSmoke.tests.Basic_Chemistry_SmokeTest.startAndSubmitStudyGuide" finished-at="2014-01-14T09:54:57Z">
          <reporter-output>
          </reporter-output>
        </test-method> <!-- logOutFromApplication -->
      </class> <!-- com.cengage.automation.BasicSmoke.tests.Basic_Chemistry_SmokeTest -->
    </test> <!-- Command line test 0eda543e-84ab-4fbc-8ce3-829093e79334 -->
  </suite> <!-- com.cengage.automation.BasicSmoke.tests.Basic_Chemistry_SmokeTest -->
  <suite name="com.cengage.automation.BasicSmoke.tests.Basic_History_SmokeTest" duration-ms="21" started-at="2014-01-14T14:54:57Z" finished-at="2014-01-14T14:54:57Z">
    <groups>
    </groups>
    <test name="Command line test 7e3a115b-78ff-4aff-9805-34d7a6dea292" duration-ms="21" started-at="2014-01-14T14:54:57Z" finished-at="2014-01-14T14:54:57Z">
      <class name="com.cengage.automation.BasicSmoke.tests.Basic_History_SmokeTest">
        <test-method status="FAIL" signature="setUpClass()[pri:0, instance:com.cengage.automation.BasicSmoke.tests.Basic_History_SmokeTest@3485923b]" name="setUpClass" is-config="true" duration-ms="0" started-at="2014-01-14T09:54:57Z" finished-at="2014-01-14T09:54:57Z">
          <exception class="java.lang.NumberFormatException">
            <message>
              <![CDATA[null]]>
            </message>
            <full-stacktrace>
              <![CDATA[java.lang.NumberFormatException: null
	at java.lang.Integer.parseInt(Integer.java:454)
	at java.lang.Integer.parseInt(Integer.java:527)
	at com.cengage.automation.TestSessionInitiator._getSessionConfig(TestSessionInitiator.java:72)
	at com.cengage.automation.TestSessionInitiator.<init>(TestSessionInitiator.java:51)
	at com.cengage.automation.BasicSmoke.tests.Basic_History_SmokeTest.setUpClass(Basic_History_SmokeTest.java:19)
	at sun.reflect.NativeMethodAccessorImpl.invoke0(Native Method)
	at sun.reflect.NativeMethodAccessorImpl.invoke(NativeMethodAccessorImpl.java:57)
	at sun.reflect.DelegatingMethodAccessorImpl.invoke(DelegatingMethodAccessorImpl.java:43)
	at java.lang.reflect.Method.invoke(Method.java:606)
	at org.testng.internal.MethodInvocationHelper.invokeMethod(MethodInvocationHelper.java:84)
	at org.testng.internal.Invoker.invokeConfigurationMethod(Invoker.java:564)
	at org.testng.internal.Invoker.invokeConfigurations(Invoker.java:213)
	at org.testng.internal.Invoker.invokeConfigurations(Invoker.java:138)
	at org.testng.internal.TestMethodWorker.invokeBeforeClassMethods(TestMethodWorker.java:175)
	at org.testng.internal.TestMethodWorker.run(TestMethodWorker.java:107)
	at org.testng.TestRunner.privateRun(TestRunner.java:767)
	at org.testng.TestRunner.run(TestRunner.java:617)
	at org.testng.SuiteRunner.runTest(SuiteRunner.java:334)
	at org.testng.SuiteRunner.runSequentially(SuiteRunner.java:329)
	at org.testng.SuiteRunner.privateRun(SuiteRunner.java:291)
	at org.testng.SuiteRunner.run(SuiteRunner.java:240)
	at org.testng.SuiteRunnerWorker.runSuite(SuiteRunnerWorker.java:52)
	at org.testng.SuiteRunnerWorker.run(SuiteRunnerWorker.java:86)
	at org.testng.TestNG.runSuitesSequentially(TestNG.java:1224)
	at org.testng.TestNG.runSuitesLocally(TestNG.java:1149)
	at org.testng.TestNG.run(TestNG.java:1057)
	at org.apache.maven.surefire.testng.TestNGExecutor.run(TestNGExecutor.java:91)
	at org.apache.maven.surefire.testng.TestNGDirectoryTestSuite.executeMulti(TestNGDirectoryTestSuite.java:204)
	at org.apache.maven.surefire.testng.TestNGDirectoryTestSuite.execute(TestNGDirectoryTestSuite.java:107)
	at org.apache.maven.surefire.testng.TestNGProvider.invoke(TestNGProvider.java:113)
	at org.apache.maven.surefire.booter.ForkedBooter.invokeProviderInSameClassLoader(ForkedBooter.java:200)
	at org.apache.maven.surefire.booter.ForkedBooter.runSuitesInProcess(ForkedBooter.java:153)
	at org.apache.maven.surefire.booter.ForkedBooter.main(ForkedBooter.java:103)
]]>
            </full-stacktrace>
          </exception> <!-- java.lang.NumberFormatException -->
          <reporter-output>
          </reporter-output>
        </test-method> <!-- setUpClass -->
        <test-method status="SKIP" signature="loginToTheSSOFrontDoor()[pri:0, instance:com.cengage.automation.BasicSmoke.tests.Basic_History_SmokeTest@3485923b]" name="loginToTheSSOFrontDoor" duration-ms="0" started-at="2014-01-14T09:54:57Z" finished-at="2014-01-14T09:54:57Z">
          <reporter-output>
          </reporter-output>
        </test-method> <!-- loginToTheSSOFrontDoor -->
        <test-method status="SKIP" signature="performOperationsOnHomePage()[pri:0, instance:com.cengage.automation.BasicSmoke.tests.Basic_History_SmokeTest@3485923b]" name="performOperationsOnHomePage" duration-ms="0" started-at="2014-01-14T09:54:57Z" depends-on-methods="com.cengage.automation.BasicSmoke.tests.Basic_History_SmokeTest.loginToTheSSOFrontDoor" finished-at="2014-01-14T09:54:57Z">
          <reporter-output>
          </reporter-output>
        </test-method> <!-- performOperationsOnHomePage -->
        <test-method status="SKIP" signature="ActionsOnWeekWidgetView()[pri:0, instance:com.cengage.automation.BasicSmoke.tests.Basic_History_SmokeTest@3485923b]" name="ActionsOnWeekWidgetView" duration-ms="1" started-at="2014-01-14T09:54:57Z" depends-on-methods="com.cengage.automation.BasicSmoke.tests.Basic_History_SmokeTest.performOperationsOnHomePage" finished-at="2014-01-14T09:54:57Z">
          <reporter-output>
          </reporter-output>
        </test-method> <!-- ActionsOnWeekWidgetView -->
        <test-method status="SKIP" signature="verifyAllAppsButtonDisplays()[pri:0, instance:com.cengage.automation.BasicSmoke.tests.Basic_History_SmokeTest@3485923b]" name="verifyAllAppsButtonDisplays" duration-ms="1" started-at="2014-01-14T09:54:57Z" depends-on-methods="com.cengage.automation.BasicSmoke.tests.Basic_History_SmokeTest.ActionsOnWeekWidgetView" finished-at="2014-01-14T09:54:57Z">
          <reporter-output>
          </reporter-output>
        </test-method> <!-- verifyAllAppsButtonDisplays -->
        <test-method status="SKIP" signature="clickOnAppsAndVerifyAllOpen()[pri:0, instance:com.cengage.automation.BasicSmoke.tests.Basic_History_SmokeTest@3485923b]" name="clickOnAppsAndVerifyAllOpen" duration-ms="0" started-at="2014-01-14T09:54:57Z" depends-on-methods="com.cengage.automation.BasicSmoke.tests.Basic_History_SmokeTest.verifyAllAppsButtonDisplays" finished-at="2014-01-14T09:54:57Z">
          <reporter-output>
          </reporter-output>
        </test-method> <!-- clickOnAppsAndVerifyAllOpen -->
        <test-method status="SKIP" signature="openInfographicActivity()[pri:0, instance:com.cengage.automation.BasicSmoke.tests.Basic_History_SmokeTest@3485923b]" name="openInfographicActivity" duration-ms="0" started-at="2014-01-14T09:54:57Z" depends-on-methods="com.cengage.automation.BasicSmoke.tests.Basic_History_SmokeTest.verifyNumberOfWeekEqualswithWeekavailableinWeekSlider" finished-at="2014-01-14T09:54:57Z">
          <reporter-output>
          </reporter-output>
        </test-method> <!-- openInfographicActivity -->
        <test-method status="SKIP" signature="verifyNumberOfWeekEqualswithWeekavailableinWeekSlider()[pri:0, instance:com.cengage.automation.BasicSmoke.tests.Basic_History_SmokeTest@3485923b]" name="verifyNumberOfWeekEqualswithWeekavailableinWeekSlider" duration-ms="0" started-at="2014-01-14T09:54:57Z" depends-on-methods="com.cengage.automation.BasicSmoke.tests.Basic_History_SmokeTest.clickOnAppsAndVerifyAllOpen" finished-at="2014-01-14T09:54:57Z">
          <reporter-output>
          </reporter-output>
        </test-method> <!-- verifyNumberOfWeekEqualswithWeekavailableinWeekSlider -->
        <test-method status="SKIP" signature="verifyInfographicActivityPanelDisplay()[pri:0, instance:com.cengage.automation.BasicSmoke.tests.Basic_History_SmokeTest@3485923b]" name="verifyInfographicActivityPanelDisplay" duration-ms="0" started-at="2014-01-14T09:54:57Z" depends-on-methods="com.cengage.automation.BasicSmoke.tests.Basic_History_SmokeTest.openInfographicActivity" finished-at="2014-01-14T09:54:57Z">
          <reporter-output>
          </reporter-output>
        </test-method> <!-- verifyInfographicActivityPanelDisplay -->
        <test-method status="SKIP" signature="startActivityButtonInfographicDisplayAndClick()[pri:0, instance:com.cengage.automation.BasicSmoke.tests.Basic_History_SmokeTest@3485923b]" name="startActivityButtonInfographicDisplayAndClick" duration-ms="1" started-at="2014-01-14T09:54:57Z" depends-on-methods="com.cengage.automation.BasicSmoke.tests.Basic_History_SmokeTest.verifyInfographicActivityPanelDisplay" finished-at="2014-01-14T09:54:57Z">
          <reporter-output>
          </reporter-output>
        </test-method> <!-- startActivityButtonInfographicDisplayAndClick -->
        <test-method status="SKIP" signature="attemptInfographicActivityandSubmit()[pri:0, instance:com.cengage.automation.BasicSmoke.tests.Basic_History_SmokeTest@3485923b]" name="attemptInfographicActivityandSubmit" duration-ms="0" started-at="2014-01-14T09:54:57Z" depends-on-methods="com.cengage.automation.BasicSmoke.tests.Basic_History_SmokeTest.startActivityButtonInfographicDisplayAndClick" finished-at="2014-01-14T09:54:57Z">
          <reporter-output>
          </reporter-output>
        </test-method> <!-- attemptInfographicActivityandSubmit -->
        <test-method status="SKIP" signature="verifyCompleteStatusForInfographicActivity()[pri:0, instance:com.cengage.automation.BasicSmoke.tests.Basic_History_SmokeTest@3485923b]" name="verifyCompleteStatusForInfographicActivity" duration-ms="1" started-at="2014-01-14T09:54:57Z" depends-on-methods="com.cengage.automation.BasicSmoke.tests.Basic_History_SmokeTest.attemptInfographicActivityandSubmit" finished-at="2014-01-14T09:54:57Z">
          <reporter-output>
          </reporter-output>
        </test-method> <!-- verifyCompleteStatusForInfographicActivity -->
        <test-method status="SKIP" signature="openSourceActivityActivity()[pri:0, instance:com.cengage.automation.BasicSmoke.tests.Basic_History_SmokeTest@3485923b]" name="openSourceActivityActivity" duration-ms="0" started-at="2014-01-14T09:54:57Z" depends-on-methods="com.cengage.automation.BasicSmoke.tests.Basic_History_SmokeTest.verifyCompleteStatusForInfographicActivity" finished-at="2014-01-14T09:54:57Z">
          <reporter-output>
          </reporter-output>
        </test-method> <!-- openSourceActivityActivity -->
        <test-method status="SKIP" signature="startActivityButtonSourceActivityDisplayAndClick()[pri:0, instance:com.cengage.automation.BasicSmoke.tests.Basic_History_SmokeTest@3485923b]" name="startActivityButtonSourceActivityDisplayAndClick" duration-ms="1" started-at="2014-01-14T09:54:57Z" depends-on-methods="com.cengage.automation.BasicSmoke.tests.Basic_History_SmokeTest.verifySourceActivityPanelDisplay" finished-at="2014-01-14T09:54:57Z">
          <reporter-output>
          </reporter-output>
        </test-method> <!-- startActivityButtonSourceActivityDisplayAndClick -->
        <test-method status="SKIP" signature="verifySourceActivityPanelDisplay()[pri:0, instance:com.cengage.automation.BasicSmoke.tests.Basic_History_SmokeTest@3485923b]" name="verifySourceActivityPanelDisplay" duration-ms="0" started-at="2014-01-14T09:54:57Z" depends-on-methods="com.cengage.automation.BasicSmoke.tests.Basic_History_SmokeTest.openSourceActivityActivity" finished-at="2014-01-14T09:54:57Z">
          <reporter-output>
          </reporter-output>
        </test-method> <!-- verifySourceActivityPanelDisplay -->
        <test-method status="SKIP" signature="verifyCompleteStatusForSourceActivity()[pri:0, instance:com.cengage.automation.BasicSmoke.tests.Basic_History_SmokeTest@3485923b]" name="verifyCompleteStatusForSourceActivity" duration-ms="1" started-at="2014-01-14T09:54:57Z" depends-on-methods="com.cengage.automation.BasicSmoke.tests.Basic_History_SmokeTest.attemptSourceActivityandSubmit" finished-at="2014-01-14T09:54:57Z">
          <reporter-output>
          </reporter-output>
        </test-method> <!-- verifyCompleteStatusForSourceActivity -->
        <test-method status="SKIP" signature="attemptSourceActivityandSubmit()[pri:0, instance:com.cengage.automation.BasicSmoke.tests.Basic_History_SmokeTest@3485923b]" name="attemptSourceActivityandSubmit" duration-ms="0" started-at="2014-01-14T09:54:57Z" depends-on-methods="com.cengage.automation.BasicSmoke.tests.Basic_History_SmokeTest.startActivityButtonSourceActivityDisplayAndClick" finished-at="2014-01-14T09:54:57Z">
          <reporter-output>
          </reporter-output>
        </test-method> <!-- attemptSourceActivityandSubmit -->
        <test-method status="SKIP" signature="openEssayActivity()[pri:0, instance:com.cengage.automation.BasicSmoke.tests.Basic_History_SmokeTest@3485923b]" name="openEssayActivity" duration-ms="1" started-at="2014-01-14T09:54:57Z" depends-on-methods="com.cengage.automation.BasicSmoke.tests.Basic_History_SmokeTest.verifyCompleteStatusForSourceActivity" finished-at="2014-01-14T09:54:57Z">
          <reporter-output>
          </reporter-output>
        </test-method> <!-- openEssayActivity -->
        <test-method status="SKIP" signature="verifyEssayActivityPanelDisplay()[pri:0, instance:com.cengage.automation.BasicSmoke.tests.Basic_History_SmokeTest@3485923b]" name="verifyEssayActivityPanelDisplay" duration-ms="0" started-at="2014-01-14T09:54:57Z" depends-on-methods="com.cengage.automation.BasicSmoke.tests.Basic_History_SmokeTest.openEssayActivity" finished-at="2014-01-14T09:54:57Z">
          <reporter-output>
          </reporter-output>
        </test-method> <!-- verifyEssayActivityPanelDisplay -->
        <test-method status="SKIP" signature="startActivityButtonEssayActivityDisplayAndClick()[pri:0, instance:com.cengage.automation.BasicSmoke.tests.Basic_History_SmokeTest@3485923b]" name="startActivityButtonEssayActivityDisplayAndClick" duration-ms="1" started-at="2014-01-14T09:54:57Z" depends-on-methods="com.cengage.automation.BasicSmoke.tests.Basic_History_SmokeTest.verifyEssayActivityPanelDisplay" finished-at="2014-01-14T09:54:57Z">
          <reporter-output>
          </reporter-output>
        </test-method> <!-- startActivityButtonEssayActivityDisplayAndClick -->
        <test-method status="SKIP" signature="attemptEssayActivityandSubmit()[pri:0, instance:com.cengage.automation.BasicSmoke.tests.Basic_History_SmokeTest@3485923b]" name="attemptEssayActivityandSubmit" duration-ms="0" started-at="2014-01-14T09:54:57Z" depends-on-methods="com.cengage.automation.BasicSmoke.tests.Basic_History_SmokeTest.startActivityButtonEssayActivityDisplayAndClick" finished-at="2014-01-14T09:54:57Z">
          <reporter-output>
          </reporter-output>
        </test-method> <!-- attemptEssayActivityandSubmit -->
        <test-method status="SKIP" signature="verifyCompleteStatusForEssayActivity()[pri:0, instance:com.cengage.automation.BasicSmoke.tests.Basic_History_SmokeTest@3485923b]" name="verifyCompleteStatusForEssayActivity" duration-ms="0" started-at="2014-01-14T09:54:57Z" depends-on-methods="com.cengage.automation.BasicSmoke.tests.Basic_History_SmokeTest.attemptEssayActivityandSubmit" finished-at="2014-01-14T09:54:57Z">
          <reporter-output>
          </reporter-output>
        </test-method> <!-- verifyCompleteStatusForEssayActivity -->
        <test-method status="SKIP" signature="openSingleAndMultipleSourceActivity()[pri:0, instance:com.cengage.automation.BasicSmoke.tests.Basic_History_SmokeTest@3485923b]" name="openSingleAndMultipleSourceActivity" duration-ms="1" started-at="2014-01-14T09:54:57Z" depends-on-methods="com.cengage.automation.BasicSmoke.tests.Basic_History_SmokeTest.verifyCompleteStatusForEssayActivity" finished-at="2014-01-14T09:54:57Z">
          <reporter-output>
          </reporter-output>
        </test-method> <!-- openSingleAndMultipleSourceActivity -->
        <test-method status="SKIP" signature="startActivityButtonSingleAndMultipleSourceActivityDisplayAndClick()[pri:0, instance:com.cengage.automation.BasicSmoke.tests.Basic_History_SmokeTest@3485923b]" name="startActivityButtonSingleAndMultipleSourceActivityDisplayAndClick" duration-ms="1" started-at="2014-01-14T09:54:57Z" depends-on-methods="com.cengage.automation.BasicSmoke.tests.Basic_History_SmokeTest.verifySingleAndMultipleSourceActivityPanelDisplay" finished-at="2014-01-14T09:54:57Z">
          <reporter-output>
          </reporter-output>
        </test-method> <!-- startActivityButtonSingleAndMultipleSourceActivityDisplayAndClick -->
        <test-method status="SKIP" signature="verifySingleAndMultipleSourceActivityPanelDisplay()[pri:0, instance:com.cengage.automation.BasicSmoke.tests.Basic_History_SmokeTest@3485923b]" name="verifySingleAndMultipleSourceActivityPanelDisplay" duration-ms="0" started-at="2014-01-14T09:54:57Z" depends-on-methods="com.cengage.automation.BasicSmoke.tests.Basic_History_SmokeTest.openSingleAndMultipleSourceActivity" finished-at="2014-01-14T09:54:57Z">
          <reporter-output>
          </reporter-output>
        </test-method> <!-- verifySingleAndMultipleSourceActivityPanelDisplay -->
        <test-method status="SKIP" signature="verifyCompleteStatusForSingleAndMultipleSourceActivity()[pri:0, instance:com.cengage.automation.BasicSmoke.tests.Basic_History_SmokeTest@3485923b]" name="verifyCompleteStatusForSingleAndMultipleSourceActivity" duration-ms="1" started-at="2014-01-14T09:54:57Z" depends-on-methods="com.cengage.automation.BasicSmoke.tests.Basic_History_SmokeTest.attemptSingleAndMultipleSourceActivityandSubmit" finished-at="2014-01-14T09:54:57Z">
          <reporter-output>
          </reporter-output>
        </test-method> <!-- verifyCompleteStatusForSingleAndMultipleSourceActivity -->
        <test-method status="SKIP" signature="attemptSingleAndMultipleSourceActivityandSubmit()[pri:0, instance:com.cengage.automation.BasicSmoke.tests.Basic_History_SmokeTest@3485923b]" name="attemptSingleAndMultipleSourceActivityandSubmit" duration-ms="0" started-at="2014-01-14T09:54:57Z" depends-on-methods="com.cengage.automation.BasicSmoke.tests.Basic_History_SmokeTest.startActivityButtonSingleAndMultipleSourceActivityDisplayAndClick" finished-at="2014-01-14T09:54:57Z">
          <reporter-output>
          </reporter-output>
        </test-method> <!-- attemptSingleAndMultipleSourceActivityandSubmit -->
        <test-method status="SKIP" signature="openStudyActivity()[pri:0, instance:com.cengage.automation.BasicSmoke.tests.Basic_History_SmokeTest@3485923b]" name="openStudyActivity" duration-ms="1" started-at="2014-01-14T09:54:57Z" depends-on-methods="com.cengage.automation.BasicSmoke.tests.Basic_History_SmokeTest.verifyCompleteStatusForSingleAndMultipleSourceActivity" finished-at="2014-01-14T09:54:57Z">
          <reporter-output>
          </reporter-output>
        </test-method> <!-- openStudyActivity -->
        <test-method status="SKIP" signature="startStudyActivityAndClose()[pri:0, instance:com.cengage.automation.BasicSmoke.tests.Basic_History_SmokeTest@3485923b]" name="startStudyActivityAndClose" duration-ms="1" started-at="2014-01-14T09:54:57Z" depends-on-methods="com.cengage.automation.BasicSmoke.tests.Basic_History_SmokeTest.verifyStudyActivityPanelDisplay" finished-at="2014-01-14T09:54:57Z">
          <reporter-output>
          </reporter-output>
        </test-method> <!-- startStudyActivityAndClose -->
        <test-method status="SKIP" signature="verifyStudyActivityPanelDisplay()[pri:0, instance:com.cengage.automation.BasicSmoke.tests.Basic_History_SmokeTest@3485923b]" name="verifyStudyActivityPanelDisplay" duration-ms="0" started-at="2014-01-14T09:54:57Z" depends-on-methods="com.cengage.automation.BasicSmoke.tests.Basic_History_SmokeTest.openStudyActivity" finished-at="2014-01-14T09:54:57Z">
          <reporter-output>
          </reporter-output>
        </test-method> <!-- verifyStudyActivityPanelDisplay -->
        <test-method status="SKIP" signature="logOutFromApplication()[pri:0, instance:com.cengage.automation.BasicSmoke.tests.Basic_History_SmokeTest@3485923b]" name="logOutFromApplication" duration-ms="1" started-at="2014-01-14T09:54:57Z" depends-on-methods="com.cengage.automation.BasicSmoke.tests.Basic_History_SmokeTest.startStudyActivityAndClose" finished-at="2014-01-14T09:54:57Z">
          <reporter-output>
          </reporter-output>
        </test-method> <!-- logOutFromApplication -->
        <test-method status="SKIP" signature="tearDownClass()[pri:0, instance:com.cengage.automation.BasicSmoke.tests.Basic_History_SmokeTest@3485923b]" name="tearDownClass" is-config="true" duration-ms="0" started-at="2014-01-14T09:54:57Z" finished-at="2014-01-14T09:54:57Z">
          <reporter-output>
          </reporter-output>
        </test-method> <!-- tearDownClass -->
      </class> <!-- com.cengage.automation.BasicSmoke.tests.Basic_History_SmokeTest -->
    </test> <!-- Command line test 7e3a115b-78ff-4aff-9805-34d7a6dea292 -->
  </suite> <!-- com.cengage.automation.BasicSmoke.tests.Basic_History_SmokeTest -->
</testng-results>
