<?xml version="1.0" encoding="UTF-8"?>
<!-- Generated by org.testng.reporters.JUnitXMLReporter -->
<testsuite hostname="DLLB0015" name="History Delete Take" tests="5" failures="0" timestamp="28 Jan 2014 09:15:43 GMT" time="206.487" errors="0">
  <testcase name="TC001_loginToTheSSOFrontDoor" time="17.828" classname="com.cengage.mtx.automation.BasicSmoke.tests.MTXAutomationInstructorTakeDeleteTest"/>
  <testcase name="TC002_performOperationsOnHomePage" time="38.312" classname="com.cengage.mtx.automation.BasicSmoke.tests.MTXAutomationInstructorTakeDeleteTest"/>
  <testcase name="TC003_actionsOnWeekWidgetView" time="26.897" classname="com.cengage.mtx.automation.BasicSmoke.tests.MTXAutomationInstructorTakeDeleteTest"/>
  <testcase name="TC004_actionsOnStudentTab" time="10.274" classname="com.cengage.mtx.automation.BasicSmoke.tests.MTXAutomationInstructorTakeDeleteTest"/>
  <testcase name="TC005_performDeleteOfStudentScore" time="80.799" classname="com.cengage.mtx.automation.BasicSmoke.tests.MTXAutomationInstructorTakeDeleteTest"/>
</testsuite> <!-- History Delete Take -->
