<?xml version="1.0" encoding="UTF-8"?>
<testng-results skipped="5" failed="0" total="5" passed="0">
  <reporter-output>
  </reporter-output>
  <suite name="MTX Smoke Suite" duration-ms="15" started-at="2014-02-03T12:48:22Z" finished-at="2014-02-03T12:48:22Z">
    <groups>
    </groups>
    <test name="Chemistry Delete Take From Instructor" duration-ms="15" started-at="2014-02-03T12:48:22Z" finished-at="2014-02-03T12:48:22Z">
      <class name="com.cengage.mtx.smoke_test.tests.MTXAutomationInstructorTakeDeleteTest">
        <test-method status="FAIL" signature="setUpClass(java.lang.String)[pri:0, instance:com.cengage.mtx.smoke_test.tests.MTXAutomationInstructorTakeDeleteTest@1c99159]" name="setUpClass" is-config="true" duration-ms="0" started-at="2014-02-03T18:18:22Z" finished-at="2014-02-03T18:18:22Z">
          <params>
            <param index="0">
              <value>
                <![CDATA[MTX_smoke_qad_testData.yml#@!#@$#@$@!#$]]>
              </value>
            </param>
          </params>
          <exception class="java.lang.NumberFormatException">
            <message>
              <![CDATA[null]]>
            </message>
            <full-stacktrace>
              <![CDATA[java.lang.NumberFormatException: null
	at java.lang.Integer.parseInt(Unknown Source)
	at java.lang.Integer.parseInt(Unknown Source)
	at com.cengage.mtx.TestSessionInitiator._getSessionConfig(TestSessionInitiator.java:127)
	at com.cengage.mtx.TestSessionInitiator.<init>(TestSessionInitiator.java:98)
	at com.cengage.mtx.smoke_test.tests.MTXAutomationInstructorTakeDeleteTest.setUpClass(MTXAutomationInstructorTakeDeleteTest.java:32)
	at sun.reflect.NativeMethodAccessorImpl.invoke0(Native Method)
	at sun.reflect.NativeMethodAccessorImpl.invoke(Unknown Source)
	at sun.reflect.DelegatingMethodAccessorImpl.invoke(Unknown Source)
	at java.lang.reflect.Method.invoke(Unknown Source)
	at org.testng.internal.MethodInvocationHelper.invokeMethod(MethodInvocationHelper.java:80)
	at org.testng.internal.Invoker.invokeConfigurationMethod(Invoker.java:564)
	at org.testng.internal.Invoker.invokeConfigurations(Invoker.java:213)
	at org.testng.internal.Invoker.invokeConfigurations(Invoker.java:138)
	at org.testng.internal.TestMethodWorker.invokeBeforeClassMethods(TestMethodWorker.java:175)
	at org.testng.internal.TestMethodWorker.run(TestMethodWorker.java:107)
	at org.testng.TestRunner.privateRun(TestRunner.java:767)
	at org.testng.TestRunner.run(TestRunner.java:617)
	at org.testng.SuiteRunner.runTest(SuiteRunner.java:334)
	at org.testng.SuiteRunner.runSequentially(SuiteRunner.java:329)
	at org.testng.SuiteRunner.privateRun(SuiteRunner.java:291)
	at org.testng.SuiteRunner.run(SuiteRunner.java:240)
	at org.testng.SuiteRunnerWorker.runSuite(SuiteRunnerWorker.java:52)
	at org.testng.SuiteRunnerWorker.run(SuiteRunnerWorker.java:86)
	at org.testng.TestNG.runSuitesSequentially(TestNG.java:1197)
	at org.testng.TestNG.runSuitesLocally(TestNG.java:1122)
	at org.testng.TestNG.run(TestNG.java:1030)
	at com.cengage.mtx.smoke_test.tests.StudentWorkFlowSomkeTestRunner.Test(StudentWorkFlowSomkeTestRunner.java:24)
	at sun.reflect.NativeMethodAccessorImpl.invoke0(Native Method)
	at sun.reflect.NativeMethodAccessorImpl.invoke(Unknown Source)
	at sun.reflect.DelegatingMethodAccessorImpl.invoke(Unknown Source)
	at java.lang.reflect.Method.invoke(Unknown Source)
	at org.testng.internal.MethodInvocationHelper.invokeMethod(MethodInvocationHelper.java:80)
	at org.testng.internal.Invoker.invokeMethod(Invoker.java:714)
	at org.testng.internal.Invoker.invokeTestMethod(Invoker.java:901)
	at org.testng.internal.Invoker.invokeTestMethods(Invoker.java:1231)
	at org.testng.internal.TestMethodWorker.invokeTestMethods(TestMethodWorker.java:127)
	at org.testng.internal.TestMethodWorker.run(TestMethodWorker.java:111)
	at org.testng.TestRunner.privateRun(TestRunner.java:767)
	at org.testng.TestRunner.run(TestRunner.java:617)
	at org.testng.SuiteRunner.runTest(SuiteRunner.java:334)
	at org.testng.SuiteRunner.runSequentially(SuiteRunner.java:329)
	at org.testng.SuiteRunner.privateRun(SuiteRunner.java:291)
	at org.testng.SuiteRunner.run(SuiteRunner.java:240)
	at org.testng.SuiteRunnerWorker.runSuite(SuiteRunnerWorker.java:52)
	at org.testng.SuiteRunnerWorker.run(SuiteRunnerWorker.java:86)
	at org.testng.TestNG.runSuitesSequentially(TestNG.java:1197)
	at org.testng.TestNG.runSuitesLocally(TestNG.java:1122)
	at org.testng.TestNG.run(TestNG.java:1030)
	at org.testng.remote.RemoteTestNG.run(RemoteTestNG.java:111)
	at org.testng.remote.RemoteTestNG.initAndRun(RemoteTestNG.java:204)
	at org.testng.remote.RemoteTestNG.main(RemoteTestNG.java:175)
]]>
            </full-stacktrace>
          </exception> <!-- java.lang.NumberFormatException -->
          <reporter-output>
          </reporter-output>
        </test-method> <!-- setUpClass -->
        <test-method status="SKIP" signature="takeresult(org.testng.ITestResult)[pri:0, instance:com.cengage.mtx.smoke_test.tests.MTXAutomationInstructorTakeDeleteTest@1c99159]" name="takeresult" is-config="true" duration-ms="0" started-at="2014-02-03T18:18:22Z" finished-at="2014-02-03T18:18:22Z">
          <reporter-output>
          </reporter-output>
        </test-method> <!-- takeresult -->
        <test-method status="SKIP" signature="takeresult(org.testng.ITestResult)[pri:0, instance:com.cengage.mtx.smoke_test.tests.MTXAutomationInstructorTakeDeleteTest@1c99159]" name="takeresult" is-config="true" duration-ms="0" started-at="2014-02-03T18:18:22Z" finished-at="2014-02-03T18:18:22Z">
          <reporter-output>
          </reporter-output>
        </test-method> <!-- takeresult -->
        <test-method status="SKIP" signature="takeresult(org.testng.ITestResult)[pri:0, instance:com.cengage.mtx.smoke_test.tests.MTXAutomationInstructorTakeDeleteTest@1c99159]" name="takeresult" is-config="true" duration-ms="0" started-at="2014-02-03T18:18:22Z" finished-at="2014-02-03T18:18:22Z">
          <reporter-output>
          </reporter-output>
        </test-method> <!-- takeresult -->
        <test-method status="SKIP" signature="TC003_actionsOnWeekWidgetView()[pri:0, instance:com.cengage.mtx.smoke_test.tests.MTXAutomationInstructorTakeDeleteTest@1c99159]" name="TC003_actionsOnWeekWidgetView" duration-ms="0" started-at="2014-02-03T18:18:22Z" finished-at="2014-02-03T18:18:22Z">
          <reporter-output>
          </reporter-output>
        </test-method> <!-- TC003_actionsOnWeekWidgetView -->
        <test-method status="SKIP" signature="TC005_performDeleteOfStudentScore()[pri:0, instance:com.cengage.mtx.smoke_test.tests.MTXAutomationInstructorTakeDeleteTest@1c99159]" name="TC005_performDeleteOfStudentScore" duration-ms="0" started-at="2014-02-03T18:18:22Z" finished-at="2014-02-03T18:18:22Z">
          <reporter-output>
          </reporter-output>
        </test-method> <!-- TC005_performDeleteOfStudentScore -->
        <test-method status="SKIP" signature="TC001_loginToTheSSOFrontDoor(java.lang.String)[pri:0, instance:com.cengage.mtx.smoke_test.tests.MTXAutomationInstructorTakeDeleteTest@1c99159]" name="TC001_loginToTheSSOFrontDoor" duration-ms="0" started-at="2014-02-03T18:18:22Z" finished-at="2014-02-03T18:18:22Z">
          <params>
            <param index="0">
              <value>
                <![CDATA[chemistry]]>
              </value>
            </param>
          </params>
          <reporter-output>
          </reporter-output>
        </test-method> <!-- TC001_loginToTheSSOFrontDoor -->
        <test-method status="SKIP" signature="takeresult(org.testng.ITestResult)[pri:0, instance:com.cengage.mtx.smoke_test.tests.MTXAutomationInstructorTakeDeleteTest@1c99159]" name="takeresult" is-config="true" duration-ms="0" started-at="2014-02-03T18:18:22Z" finished-at="2014-02-03T18:18:22Z">
          <reporter-output>
          </reporter-output>
        </test-method> <!-- takeresult -->
        <test-method status="SKIP" signature="takeresult(org.testng.ITestResult)[pri:0, instance:com.cengage.mtx.smoke_test.tests.MTXAutomationInstructorTakeDeleteTest@1c99159]" name="takeresult" is-config="true" duration-ms="0" started-at="2014-02-03T18:18:22Z" finished-at="2014-02-03T18:18:22Z">
          <reporter-output>
          </reporter-output>
        </test-method> <!-- takeresult -->
        <test-method status="SKIP" signature="tearDownClass()[pri:0, instance:com.cengage.mtx.smoke_test.tests.MTXAutomationInstructorTakeDeleteTest@1c99159]" name="tearDownClass" is-config="true" duration-ms="0" started-at="2014-02-03T18:18:22Z" finished-at="2014-02-03T18:18:22Z">
          <reporter-output>
          </reporter-output>
        </test-method> <!-- tearDownClass -->
        <test-method status="SKIP" signature="TC002_performOperationsOnHomePage()[pri:0, instance:com.cengage.mtx.smoke_test.tests.MTXAutomationInstructorTakeDeleteTest@1c99159]" name="TC002_performOperationsOnHomePage" duration-ms="0" started-at="2014-02-03T18:18:22Z" finished-at="2014-02-03T18:18:22Z">
          <reporter-output>
          </reporter-output>
        </test-method> <!-- TC002_performOperationsOnHomePage -->
        <test-method status="SKIP" signature="TC004_actionsOnStudentTab()[pri:0, instance:com.cengage.mtx.smoke_test.tests.MTXAutomationInstructorTakeDeleteTest@1c99159]" name="TC004_actionsOnStudentTab" duration-ms="0" started-at="2014-02-03T18:18:22Z" finished-at="2014-02-03T18:18:22Z">
          <reporter-output>
          </reporter-output>
        </test-method> <!-- TC004_actionsOnStudentTab -->
      </class> <!-- com.cengage.mtx.smoke_test.tests.MTXAutomationInstructorTakeDeleteTest -->
    </test> <!-- Chemistry Delete Take From Instructor -->
  </suite> <!-- MTX Smoke Suite -->
</testng-results>
